  Source.cpp
D:\Compressed Originals\CS-330-Project(2)\CS-330-Project\OpenGLSample\shader.h(57,34): warning C4101: 'e': unreferenced local variable
D:\Compressed Originals\CS-330-Project(2)\CS-330-Project\OpenGLSample\Source.cpp(314,22): warning C4244: 'initializing': conversion from 'double' to 'float', possible loss of data
D:\Compressed Originals\CS-330-Project(2)\CS-330-Project\OpenGLSample\Source.cpp(349,56): warning C4305: 'argument': truncation from 'double' to 'float'
D:\Compressed Originals\CS-330-Project(2)\CS-330-Project\OpenGLSample\Source.cpp(350,60): warning C4305: 'argument': truncation from 'double' to 'float'
D:\Compressed Originals\CS-330-Project(2)\CS-330-Project\OpenGLSample\Source.cpp(357,56): warning C4305: 'argument': truncation from 'double' to 'float'
D:\Compressed Originals\CS-330-Project(2)\CS-330-Project\OpenGLSample\Source.cpp(358,60): warning C4305: 'argument': truncation from 'double' to 'float'
D:\Compressed Originals\CS-330-Project(2)\CS-330-Project\OpenGLSample\Source.cpp(365,56): warning C4305: 'argument': truncation from 'double' to 'float'
D:\Compressed Originals\CS-330-Project(2)\CS-330-Project\OpenGLSample\Source.cpp(366,60): warning C4305: 'argument': truncation from 'double' to 'float'
D:\Compressed Originals\CS-330-Project(2)\CS-330-Project\OpenGLSample\Source.cpp(373,56): warning C4305: 'argument': truncation from 'double' to 'float'
D:\Compressed Originals\CS-330-Project(2)\CS-330-Project\OpenGLSample\Source.cpp(374,60): warning C4305: 'argument': truncation from 'double' to 'float'
D:\Compressed Originals\CS-330-Project(2)\CS-330-Project\OpenGLSample\Source.cpp(382,51): warning C4305: 'argument': truncation from 'double' to 'float'
D:\Compressed Originals\CS-330-Project(2)\CS-330-Project\OpenGLSample\Source.cpp(383,55): warning C4305: 'argument': truncation from 'double' to 'float'
D:\Compressed Originals\CS-330-Project(2)\CS-330-Project\OpenGLSample\Source.cpp(762,73): warning C4305: 'argument': truncation from 'double' to 'float'
D:\Compressed Originals\CS-330-Project(2)\CS-330-Project\OpenGLSample\Source.cpp(775,71): warning C4305: 'argument': truncation from 'double' to 'float'
D:\Compressed Originals\CS-330-Project(2)\CS-330-Project\OpenGLSample\Source.cpp(788,71): warning C4305: 'argument': truncation from 'double' to 'float'
D:\Compressed Originals\CS-330-Project(2)\CS-330-Project\OpenGLSample\Source.cpp(801,71): warning C4305: 'argument': truncation from 'double' to 'float'
D:\Compressed Originals\CS-330-Project(2)\CS-330-Project\OpenGLSample\Source.cpp(1140,11): warning C4244: '=': conversion from 'double' to 'float', possible loss of data
D:\Compressed Originals\CS-330-Project(2)\CS-330-Project\OpenGLSample\Source.cpp(1141,11): warning C4244: '=': conversion from 'double' to 'float', possible loss of data
D:\Compressed Originals\CS-330-Project(2)\CS-330-Project\OpenGLSample\Source.cpp(1145,16): warning C4244: 'initializing': conversion from 'double' to 'float', possible loss of data
D:\Compressed Originals\CS-330-Project(2)\CS-330-Project\OpenGLSample\Source.cpp(1146,16): warning C4244: 'initializing': conversion from 'double' to 'float', possible loss of data
D:\Compressed Originals\CS-330-Project(2)\CS-330-Project\OpenGLSample\Source.cpp(1148,10): warning C4244: '=': conversion from 'double' to 'float', possible loss of data
D:\Compressed Originals\CS-330-Project(2)\CS-330-Project\OpenGLSample\Source.cpp(1149,10): warning C4244: '=': conversion from 'double' to 'float', possible loss of data
D:\Compressed Originals\CS-330-Project(2)\CS-330-Project\OpenGLSample\Source.cpp(1158,28): warning C4244: 'argument': conversion from 'double' to 'float', possible loss of data
  OpenGLSample.vcxproj -> D:\Compressed Originals\CS-330-Project(2)\CS-330-Project\Debug\OpenGLSample.exe
